Using pre-set license
Built from '2020.3/release' branch; Version is '2020.3.12f1 (b3b2c6512326) revision 11776710'; Using compiler version '192528614'; Build Type 'Release'
OS: 'Windows 10 Enterprise; OS build 19043.1083; Version 2009; 64bit' Language: 'en' Physical Memory: 16185 MB
BatchMode: 1, IsHumanControllingUs: 0, StartBugReporterOnCrash: 0, Is64bit: 1, IsPro: 0

 COMMAND LINE ARGUMENTS:
C:\Program Files\Unity\Hub\Editor\2020.3.12f1\Editor\Unity.exe
-adb2
-batchMode
-noUpm
-name
AssetImportWorker0
-projectPath
C:/Users/s345471/Documents/Unity3D projects/FESTO DT
-logFile
Logs/AssetImportWorker0.log
-srvPort
60654
Successfully changed project path to: C:/Users/s345471/Documents/Unity3D projects/FESTO DT
C:/Users/s345471/Documents/Unity3D projects/FESTO DT
Using Asset Import Pipeline V2.
Refreshing native plugins compatible for Editor in 35.77 ms, found 2 plugins.
Preloading 0 native plugins for Editor in 0.00 ms.
Initialize engine version: 2020.3.12f1 (b3b2c6512326)
[Subsystems] Discovering subsystems at path C:/Program Files/Unity/Hub/Editor/2020.3.12f1/Editor/Data/Resources/UnitySubsystems
[Subsystems] Discovering subsystems at path C:/Users/s345471/Documents/Unity3D projects/FESTO DT/Assets
GfxDevice: creating device client; threaded=0
Direct3D:
    Version:  Direct3D 11.0 [level 11.1]
    Renderer: NVIDIA GeForce RTX 2070 with Max-Q Design (ID=0x1f54)
    Vendor:   
    VRAM:     8031 MB
    Driver:   30.0.14.7111
Initialize mono
Mono path[0] = 'C:/Program Files/Unity/Hub/Editor/2020.3.12f1/Editor/Data/Managed'
Mono path[1] = 'C:/Program Files/Unity/Hub/Editor/2020.3.12f1/Editor/Data/MonoBleedingEdge/lib/mono/unityjit'
Mono config path = 'C:/Program Files/Unity/Hub/Editor/2020.3.12f1/Editor/Data/MonoBleedingEdge/etc'
Using monoOptions --debugger-agent=transport=dt_socket,embedding=1,server=y,suspend=n,address=127.0.0.1:56148
Begin MonoManager ReloadAssembly
Registering precompiled unity dll's ...
Register platform support module: C:/Program Files/Unity/Hub/Editor/2020.3.12f1/Editor/Data/PlaybackEngines/WebGLSupport/UnityEditor.WebGL.Extensions.dll
Register platform support module: C:/Program Files/Unity/Hub/Editor/2020.3.12f1/Editor/Data/PlaybackEngines/WindowsStandaloneSupport/UnityEditor.WindowsStandalone.Extensions.dll
Registered in 0.002472 seconds.
Native extension for WindowsStandalone target not found
Native extension for WebGL target not found
Refreshing native plugins compatible for Editor in 31.71 ms, found 2 plugins.
Preloading 0 native plugins for Editor in 0.00 ms.
Mono: successfully reloaded assembly
- Completed reload, in  2.435 seconds
Platform modules already initialized, skipping
Registering precompiled user dll's ...
Registered in 0.010207 seconds.
Begin MonoManager ReloadAssembly
Native extension for WindowsStandalone target not found
Native extension for WebGL target not found
Refreshing native plugins compatible for Editor in 0.39 ms, found 2 plugins.
Preloading 0 native plugins for Editor in 0.00 ms.
Mono: successfully reloaded assembly
- Completed reload, in  0.949 seconds
Platform modules already initialized, skipping
========================================================================
Worker process is ready to serve import requests
Launched and connected shader compiler UnityShaderCompiler.exe after 0.04 seconds
Refreshing native plugins compatible for Editor in 0.38 ms, found 2 plugins.
Preloading 0 native plugins for Editor in 0.00 ms.
Unloading 1706 Unused Serialized files (Serialized files now loaded: 0)
System memory in use before: 82.8 MB.
System memory in use after: 82.8 MB.

Unloading 32 unused Assets to reduce memory usage. Loaded Objects now: 2131.
Total: 1.947800 ms (FindLiveObjects: 0.196900 ms CreateObjectMapping: 0.092700 ms MarkObjects: 1.581800 ms  DeleteObjects: 0.075100 ms)

AssetImportParameters requested are different than current active one (requested -> active):
  custom:framework-win-MediaFoundation: 216162199b28c13a410421893ffa2e32 -> 
  custom:video-decoder-ogg-theora: a1e56fd34408186e4bbccfd4996cb3dc -> 
  custom:container-muxer-webm: aa71ff27fc2769a1b78a27578f13a17b -> 
  custom:container-demuxer-webm: 4f35f7cbe854078d1ac9338744f61a02 -> 
  custom:container-demuxer-ogg: 62fdf1f143b41e24485cea50d1cbac27 -> 
  custom:video-encoder-webm-vp8: eb34c28f22e8b96e1ab97ce403110664 -> 
  custom:video-decoder-webm-vp8: 9c59270c3fd7afecdb556c50c9e8de78 -> 
  custom:audio-decoder-ogg-vorbis: bf7c407c2cedff20999df2af8eb42d56 -> 
  custom:audio-encoder-webm-vorbis: bf7c407c2cedff20999df2af8eb42d56 -> 
========================================================================
Received Import Request.
  path: Assets/Animation/SwivelDrive.anim
  artifactKey: Guid(ca5b0e5d43b3b53439b7031968a6dbd8) Importer(815301076,1909f56bfc062723c751e8b465ee728b)
Start importing Assets/Animation/SwivelDrive.anim using Guid(ca5b0e5d43b3b53439b7031968a6dbd8) Importer(815301076,1909f56bfc062723c751e8b465ee728b)  -> (artifact id: '37dedb0da3310f2799644896bc36a3a6') in 0.036082 seconds 
  Import took 0.039522 seconds .

========================================================================
Received Import Request.
  Time since last request: 0.000372 seconds.
  path: Assets/Animation/Swivel Drive.controller
  artifactKey: Guid(a1302ef195dccff4fa9663f36adcc8a8) Importer(815301076,1909f56bfc062723c751e8b465ee728b)
Start importing Assets/Animation/Swivel Drive.controller using Guid(a1302ef195dccff4fa9663f36adcc8a8) Importer(815301076,1909f56bfc062723c751e8b465ee728b)  -> (artifact id: 'c8c4530a060592ba42b79592538af79e') in 0.007478 seconds 
  Import took 0.010802 seconds .

========================================================================
Received Import Request.
  Time since last request: 256.890227 seconds.
  path: Assets/Animation/CLamperOFF.anim
  artifactKey: Guid(8a18ad94a6a8c0146b42bb90d75e3169) Importer(815301076,1909f56bfc062723c751e8b465ee728b)
Start importing Assets/Animation/CLamperOFF.anim using Guid(8a18ad94a6a8c0146b42bb90d75e3169) Importer(815301076,1909f56bfc062723c751e8b465ee728b)  -> (artifact id: 'd39531eb651034e26d48b674c63635fa') in 0.004107 seconds 
  Import took 0.007599 seconds .

========================================================================
Received Import Request.
  Time since last request: 0.015499 seconds.
  path: Assets/Animation/CLamperOFF.anim
  artifactKey: Guid(8a18ad94a6a8c0146b42bb90d75e3169) Importer(815301076,1909f56bfc062723c751e8b465ee728b)
Start importing Assets/Animation/CLamperOFF.anim using Guid(8a18ad94a6a8c0146b42bb90d75e3169) Importer(815301076,1909f56bfc062723c751e8b465ee728b)  -> (artifact id: 'd39531eb651034e26d48b674c63635fa') in 0.003138 seconds 
  Import took 0.005870 seconds .

========================================================================
Received Prepare
Refreshing native plugins compatible for Editor in 6.86 ms, found 2 plugins.
Preloading 0 native plugins for Editor in 0.00 ms.
Unloading 25 Unused Serialized files (Serialized files now loaded: 0)
System memory in use before: 46.3 MB.
System memory in use after: 46.4 MB.

Unloading 25 unused Assets to reduce memory usage. Loaded Objects now: 2131.
Total: 2.585000 ms (FindLiveObjects: 0.163900 ms CreateObjectMapping: 0.076500 ms MarkObjects: 2.261200 ms  DeleteObjects: 0.082300 ms)

AssetImportParameters requested are different than current active one (requested -> active):
  custom:framework-win-MediaFoundation: 216162199b28c13a410421893ffa2e32 -> 
  custom:video-decoder-ogg-theora: a1e56fd34408186e4bbccfd4996cb3dc -> 
  custom:container-muxer-webm: aa71ff27fc2769a1b78a27578f13a17b -> 
  custom:container-demuxer-webm: 4f35f7cbe854078d1ac9338744f61a02 -> 
  custom:container-demuxer-ogg: 62fdf1f143b41e24485cea50d1cbac27 -> 
  custom:video-encoder-webm-vp8: eb34c28f22e8b96e1ab97ce403110664 -> 
  custom:video-decoder-webm-vp8: 9c59270c3fd7afecdb556c50c9e8de78 -> 
  custom:audio-decoder-ogg-vorbis: bf7c407c2cedff20999df2af8eb42d56 -> 
  custom:audio-encoder-webm-vorbis: bf7c407c2cedff20999df2af8eb42d56 -> 
========================================================================
Received Import Request.
  Time since last request: 11.242453 seconds.
  path: Assets/Animation/fipperON.anim
  artifactKey: Guid(8584face50d021c418ff5902830de8c2) Importer(815301076,1909f56bfc062723c751e8b465ee728b)
Start importing Assets/Animation/fipperON.anim using Guid(8584face50d021c418ff5902830de8c2) Importer(815301076,1909f56bfc062723c751e8b465ee728b)  -> (artifact id: 'c0f3756f4db19430261afa541096d989') in 0.012146 seconds 
  Import took 0.015745 seconds .

========================================================================
Received Import Request.
  Time since last request: 0.004241 seconds.
  path: Assets/Animation/fipperON.anim
  artifactKey: Guid(8584face50d021c418ff5902830de8c2) Importer(815301076,1909f56bfc062723c751e8b465ee728b)
Start importing Assets/Animation/fipperON.anim using Guid(8584face50d021c418ff5902830de8c2) Importer(815301076,1909f56bfc062723c751e8b465ee728b)  -> (artifact id: 'c0f3756f4db19430261afa541096d989') in 0.003605 seconds 
  Import took 0.006211 seconds .

========================================================================
Received Import Request.
  Time since last request: 2.372429 seconds.
  path: Assets/Animation/LiftingCylinderDown.anim
  artifactKey: Guid(cb48ec6dc9b5e8744923b10a0c62c3e9) Importer(815301076,1909f56bfc062723c751e8b465ee728b)
Start importing Assets/Animation/LiftingCylinderDown.anim using Guid(cb48ec6dc9b5e8744923b10a0c62c3e9) Importer(815301076,1909f56bfc062723c751e8b465ee728b)  -> (artifact id: 'fd1949681887c9ca0cf8f04676e5e9b0') in 0.004288 seconds 
  Import took 0.007486 seconds .

========================================================================
Received Import Request.
  Time since last request: 0.012982 seconds.
  path: Assets/Animation/LiftingCylinderDown.anim
  artifactKey: Guid(cb48ec6dc9b5e8744923b10a0c62c3e9) Importer(815301076,1909f56bfc062723c751e8b465ee728b)
Start importing Assets/Animation/LiftingCylinderDown.anim using Guid(cb48ec6dc9b5e8744923b10a0c62c3e9) Importer(815301076,1909f56bfc062723c751e8b465ee728b)  -> (artifact id: 'fd1949681887c9ca0cf8f04676e5e9b0') in 0.003162 seconds 
  Import took 0.005602 seconds .

========================================================================
Received Import Request.
  Time since last request: 3.130534 seconds.
  path: Assets/Animation/MagazineCylinderOFF.anim
  artifactKey: Guid(76a2446ad6846f84aa3830e82980306d) Importer(815301076,1909f56bfc062723c751e8b465ee728b)
Start importing Assets/Animation/MagazineCylinderOFF.anim using Guid(76a2446ad6846f84aa3830e82980306d) Importer(815301076,1909f56bfc062723c751e8b465ee728b)  -> (artifact id: '8abe57816bb9a41ac8926d9f6d38e27c') in 0.004195 seconds 
  Import took 0.007678 seconds .

========================================================================
Received Import Request.
  Time since last request: 0.010054 seconds.
  path: Assets/Animation/MagazineCylinderOFF.anim
  artifactKey: Guid(76a2446ad6846f84aa3830e82980306d) Importer(815301076,1909f56bfc062723c751e8b465ee728b)
Start importing Assets/Animation/MagazineCylinderOFF.anim using Guid(76a2446ad6846f84aa3830e82980306d) Importer(815301076,1909f56bfc062723c751e8b465ee728b)  -> (artifact id: '8abe57816bb9a41ac8926d9f6d38e27c') in 0.002930 seconds 
  Import took 0.005658 seconds .

========================================================================
Received Import Request.
  Time since last request: 0.899095 seconds.
  path: Assets/Animation/MagazineCylinderON.anim
  artifactKey: Guid(7a7f93e27a8522c4bb87e173ceccfafc) Importer(815301076,1909f56bfc062723c751e8b465ee728b)
Start importing Assets/Animation/MagazineCylinderON.anim using Guid(7a7f93e27a8522c4bb87e173ceccfafc) Importer(815301076,1909f56bfc062723c751e8b465ee728b)  -> (artifact id: 'd63d4e86b6d0c908df16008caf6cf91e') in 0.004693 seconds 
  Import took 0.008108 seconds .

========================================================================
Received Import Request.
  Time since last request: 0.013029 seconds.
  path: Assets/Animation/MagazineCylinderON.anim
  artifactKey: Guid(7a7f93e27a8522c4bb87e173ceccfafc) Importer(815301076,1909f56bfc062723c751e8b465ee728b)
Start importing Assets/Animation/MagazineCylinderON.anim using Guid(7a7f93e27a8522c4bb87e173ceccfafc) Importer(815301076,1909f56bfc062723c751e8b465ee728b)  -> (artifact id: 'd63d4e86b6d0c908df16008caf6cf91e') in 0.002766 seconds 
  Import took 0.005301 seconds .

========================================================================
Received Import Request.
  Time since last request: 2.779702 seconds.
  path: Assets/Animation/SwivelDriveBack.anim
  artifactKey: Guid(ce8b34565955e7940ba2de0e743c3319) Importer(815301076,1909f56bfc062723c751e8b465ee728b)
Start importing Assets/Animation/SwivelDriveBack.anim using Guid(ce8b34565955e7940ba2de0e743c3319) Importer(815301076,1909f56bfc062723c751e8b465ee728b)  -> (artifact id: '0a802b6d46910e1ff82ae67b7ccc932e') in 0.004459 seconds 
  Import took 0.007681 seconds .

========================================================================
Received Import Request.
  Time since last request: 0.012328 seconds.
  path: Assets/Animation/SwivelDriveBack.anim
  artifactKey: Guid(ce8b34565955e7940ba2de0e743c3319) Importer(815301076,1909f56bfc062723c751e8b465ee728b)
Start importing Assets/Animation/SwivelDriveBack.anim using Guid(ce8b34565955e7940ba2de0e743c3319) Importer(815301076,1909f56bfc062723c751e8b465ee728b)  -> (artifact id: '0a802b6d46910e1ff82ae67b7ccc932e') in 0.002992 seconds 
  Import took 0.005402 seconds .

========================================================================
Received Prepare
Registering precompiled user dll's ...
Registered in 0.010193 seconds.
Begin MonoManager ReloadAssembly
Native extension for WindowsStandalone target not found
Native extension for WebGL target not found
Refreshing native plugins compatible for Editor in 0.38 ms, found 2 plugins.
Preloading 0 native plugins for Editor in 0.00 ms.
Mono: successfully reloaded assembly
- Completed reload, in  0.927 seconds
Platform modules already initialized, skipping
Refreshing native plugins compatible for Editor in 0.40 ms, found 2 plugins.
Preloading 0 native plugins for Editor in 0.00 ms.
Unloading 1661 Unused Serialized files (Serialized files now loaded: 0)
System memory in use before: 78.8 MB.
System memory in use after: 78.9 MB.

Unloading 27 unused Assets to reduce memory usage. Loaded Objects now: 2134.
Total: 2.037700 ms (FindLiveObjects: 0.152400 ms CreateObjectMapping: 0.053300 ms MarkObjects: 1.774800 ms  DeleteObjects: 0.056200 ms)

AssetImportParameters requested are different than current active one (requested -> active):
  custom:framework-win-MediaFoundation: 216162199b28c13a410421893ffa2e32 -> 
  custom:video-decoder-ogg-theora: a1e56fd34408186e4bbccfd4996cb3dc -> 
  custom:container-muxer-webm: aa71ff27fc2769a1b78a27578f13a17b -> 
  custom:container-demuxer-webm: 4f35f7cbe854078d1ac9338744f61a02 -> 
  custom:container-demuxer-ogg: 62fdf1f143b41e24485cea50d1cbac27 -> 
  custom:video-encoder-webm-vp8: eb34c28f22e8b96e1ab97ce403110664 -> 
  custom:video-decoder-webm-vp8: 9c59270c3fd7afecdb556c50c9e8de78 -> 
  custom:audio-decoder-ogg-vorbis: bf7c407c2cedff20999df2af8eb42d56 -> 
  custom:audio-encoder-webm-vorbis: bf7c407c2cedff20999df2af8eb42d56 -> 
========================================================================
Received Prepare
Registering precompiled user dll's ...
Registered in 0.013407 seconds.
Begin MonoManager ReloadAssembly
Native extension for WindowsStandalone target not found
Native extension for WebGL target not found
Refreshing native plugins compatible for Editor in 0.43 ms, found 2 plugins.
Preloading 0 native plugins for Editor in 0.00 ms.
Mono: successfully reloaded assembly
- Completed reload, in  0.902 seconds
Platform modules already initialized, skipping
Refreshing native plugins compatible for Editor in 0.39 ms, found 2 plugins.
Preloading 0 native plugins for Editor in 0.00 ms.
Unloading 1661 Unused Serialized files (Serialized files now loaded: 0)
System memory in use before: 78.9 MB.
System memory in use after: 78.9 MB.

Unloading 27 unused Assets to reduce memory usage. Loaded Objects now: 2137.
Total: 1.870400 ms (FindLiveObjects: 0.142700 ms CreateObjectMapping: 0.050500 ms MarkObjects: 1.583200 ms  DeleteObjects: 0.093000 ms)

AssetImportParameters requested are different than current active one (requested -> active):
  custom:framework-win-MediaFoundation: 216162199b28c13a410421893ffa2e32 -> 
  custom:video-decoder-ogg-theora: a1e56fd34408186e4bbccfd4996cb3dc -> 
  custom:container-muxer-webm: aa71ff27fc2769a1b78a27578f13a17b -> 
  custom:container-demuxer-webm: 4f35f7cbe854078d1ac9338744f61a02 -> 
  custom:container-demuxer-ogg: 62fdf1f143b41e24485cea50d1cbac27 -> 
  custom:video-encoder-webm-vp8: eb34c28f22e8b96e1ab97ce403110664 -> 
  custom:video-decoder-webm-vp8: 9c59270c3fd7afecdb556c50c9e8de78 -> 
  custom:audio-decoder-ogg-vorbis: bf7c407c2cedff20999df2af8eb42d56 -> 
  custom:audio-encoder-webm-vorbis: bf7c407c2cedff20999df2af8eb42d56 -> 
========================================================================
Received Prepare
Registering precompiled user dll's ...
Registered in 0.015781 seconds.
Begin MonoManager ReloadAssembly
Native extension for WindowsStandalone target not found
Native extension for WebGL target not found
Refreshing native plugins compatible for Editor in 0.69 ms, found 2 plugins.
Preloading 0 native plugins for Editor in 0.00 ms.
Mono: successfully reloaded assembly
- Completed reload, in  1.589 seconds
Platform modules already initialized, skipping
Refreshing native plugins compatible for Editor in 0.63 ms, found 2 plugins.
Preloading 0 native plugins for Editor in 0.00 ms.
Unloading 1661 Unused Serialized files (Serialized files now loaded: 0)
System memory in use before: 78.9 MB.
System memory in use after: 79.0 MB.

Unloading 27 unused Assets to reduce memory usage. Loaded Objects now: 2140.
Total: 2.599800 ms (FindLiveObjects: 0.270900 ms CreateObjectMapping: 0.074200 ms MarkObjects: 2.123400 ms  DeleteObjects: 0.129200 ms)

AssetImportParameters requested are different than current active one (requested -> active):
  custom:framework-win-MediaFoundation: 216162199b28c13a410421893ffa2e32 -> 
  custom:video-decoder-ogg-theora: a1e56fd34408186e4bbccfd4996cb3dc -> 
  custom:container-muxer-webm: aa71ff27fc2769a1b78a27578f13a17b -> 
  custom:container-demuxer-webm: 4f35f7cbe854078d1ac9338744f61a02 -> 
  custom:container-demuxer-ogg: 62fdf1f143b41e24485cea50d1cbac27 -> 
  custom:video-encoder-webm-vp8: eb34c28f22e8b96e1ab97ce403110664 -> 
  custom:video-decoder-webm-vp8: 9c59270c3fd7afecdb556c50c9e8de78 -> 
  custom:audio-decoder-ogg-vorbis: bf7c407c2cedff20999df2af8eb42d56 -> 
  custom:audio-encoder-webm-vorbis: bf7c407c2cedff20999df2af8eb42d56 -> 
========================================================================
Received Import Request.
  Time since last request: 141.535177 seconds.
  path: Assets/Animation/SwivelDriveBack.anim
  artifactKey: Guid(ce8b34565955e7940ba2de0e743c3319) Importer(815301076,1909f56bfc062723c751e8b465ee728b)
Start importing Assets/Animation/SwivelDriveBack.anim using Guid(ce8b34565955e7940ba2de0e743c3319) Importer(815301076,1909f56bfc062723c751e8b465ee728b)  -> (artifact id: 'bcd0c1deaba262f7bbc4e6de3fd1346b') in 0.031828 seconds 
  Import took 0.035102 seconds .

